<?xml version="1.0" encoding="UTF-8"?>
<!-- Generated by org.testng.reporters.JUnitReportReporter -->
<testsuite hostname="Sams-MacBook-Pro.local" failures="0" tests="4" name="samautomation.tests.SubmitOrderTest" time="135.645" errors="0" timestamp="2025-04-22T23:13:29 PKT" skipped="0">
  <testcase classname="samautomation.tests.SubmitOrderTest" name="submitOrder" time="41.566"/>
  <testcase classname="samautomation.tests.SubmitOrderTest" name="OrderHistoryTest" time="28.241"/>
  <testcase classname="samautomation.tests.SubmitOrderTest" name="OrderHistoryTest" time="26.286"/>
  <testcase classname="samautomation.tests.SubmitOrderTest" name="submitOrder" time="39.552"/>
</testsuite> <!-- samautomation.tests.SubmitOrderTest -->
