<?xml version="1.0" encoding="UTF-8"?>
<!-- Generated by org.testng.reporters.JUnitReportReporter -->
<testsuite hostname="Sams-MacBook-Pro.local" failures="0" tests="2" name="samautomation.tests.SubmitOrderTest" time="16.755" errors="0" timestamp="2025-04-23T21:43:27 PKT" skipped="0">
  <testcase classname="samautomation.tests.SubmitOrderTest" name="submitOrder" time="8.122"/>
  <testcase classname="samautomation.tests.SubmitOrderTest" name="submitOrder" time="8.633"/>
</testsuite> <!-- samautomation.tests.SubmitOrderTest -->
